android-app/app/build/intermediates/manifest_merge_blame_file/debug/processDebugMainManifest/manifest-merger-blame-debug-report.txt
1<?xml version="1.0" encoding="utf-8"?>
2<manifest xmlns:android="http://schemas.android.com/apk/res/android"
3    package="com.papyon.kurye"
4    android:versionCode="1"
5    android:versionName="1.0" >
6
7    <uses-sdk
8        android:minSdkVersion="24"
9        android:targetSdkVersion="34" />
10
11    <!-- İzinler -->
12    <uses-permission android:name="android.permission.INTERNET" />
12-->src/main/AndroidManifest.xml:6:5-67
12-->src/main/AndroidManifest.xml:6:22-64
13    <uses-permission android:name="android.permission.ACCESS_FINE_LOCATION" />
13-->src/main/AndroidManifest.xml:7:5-79
13-->src/main/AndroidManifest.xml:7:22-76
14    <uses-permission android:name="android.permission.ACCESS_COARSE_LOCATION" />
14-->src/main/AndroidManifest.xml:8:5-81
14-->src/main/AndroidManifest.xml:8:22-78
15    <uses-permission android:name="android.permission.CAMERA" />
15-->src/main/AndroidManifest.xml:9:5-65
15-->src/main/AndroidManifest.xml:9:22-62
16    <uses-permission android:name="android.permission.READ_EXTERNAL_STORAGE" />
16-->src/main/AndroidManifest.xml:10:5-80
16-->src/main/AndroidManifest.xml:10:22-77
17    <uses-permission android:name="android.permission.WRITE_EXTERNAL_STORAGE" />
17-->src/main/AndroidManifest.xml:11:5-81
17-->src/main/AndroidManifest.xml:11:22-78
18    <uses-permission android:name="android.permission.ACCESS_NETWORK_STATE" />
18-->src/main/AndroidManifest.xml:12:5-79
18-->src/main/AndroidManifest.xml:12:22-76
19
20    <uses-feature
20-->src/main/AndroidManifest.xml:14:5-85
21        android:name="android.hardware.camera"
21-->src/main/AndroidManifest.xml:14:19-57
22        android:required="false" />
22-->src/main/AndroidManifest.xml:14:58-82
23    <uses-feature
23-->src/main/AndroidManifest.xml:15:5-91
24        android:name="android.hardware.location.gps"
24-->src/main/AndroidManifest.xml:15:19-63
25        android:required="false" />
25-->src/main/AndroidManifest.xml:15:64-88
26
27    <permission
27-->[androidx.core:core:1.12.0] AndroidManifest.xml:22:5-24:47
28        android:name="com.papyon.kurye.DYNAMIC_RECEIVER_NOT_EXPORTED_PERMISSION"
28-->[androidx.core:core:1.12.0] AndroidManifest.xml:23:9-81
29        android:protectionLevel="signature" />
29-->[androidx.core:core:1.12.0] AndroidManifest.xml:24:9-44
30
31    <uses-permission android:name="com.papyon.kurye.DYNAMIC_RECEIVER_NOT_EXPORTED_PERMISSION" />
31-->[androidx.core:core:1.12.0] AndroidManifest.xml:26:5-97
31-->[androidx.core:core:1.12.0] AndroidManifest.xml:26:22-94
32
33    <application
33-->src/main/AndroidManifest.xml:17:5-38:19
34        android:allowBackup="true"
34-->src/main/AndroidManifest.xml:18:9-35
35        android:appComponentFactory="androidx.core.app.CoreComponentFactory"
35-->[androidx.core:core:1.12.0] AndroidManifest.xml:28:18-86
36        android:debuggable="true"
37        android:extractNativeLibs="false"
38        android:icon="@mipmap/ic_launcher"
38-->src/main/AndroidManifest.xml:19:9-43
39        android:label="@string/app_name"
39-->src/main/AndroidManifest.xml:20:9-41
40        android:roundIcon="@mipmap/ic_launcher_round"
40-->src/main/AndroidManifest.xml:21:9-54
41        android:supportsRtl="true"
41-->src/main/AndroidManifest.xml:22:9-35
42        android:theme="@style/Theme.PapyonKurye"
42-->src/main/AndroidManifest.xml:23:9-49
43        android:usesCleartextTraffic="true" >
43-->src/main/AndroidManifest.xml:24:9-44
44        <activity
44-->src/main/AndroidManifest.xml:27:9-36:20
45            android:name="com.papyon.kurye.MainActivity"
45-->src/main/AndroidManifest.xml:28:13-41
46            android:configChanges="orientation|screenSize|keyboardHidden"
46-->src/main/AndroidManifest.xml:30:13-74
47            android:exported="true"
47-->src/main/AndroidManifest.xml:29:13-36
48            android:screenOrientation="portrait" >
48-->src/main/AndroidManifest.xml:31:13-49
49            <intent-filter>
49-->src/main/AndroidManifest.xml:32:13-35:29
50                <action android:name="android.intent.action.MAIN" />
50-->src/main/AndroidManifest.xml:33:17-69
50-->src/main/AndroidManifest.xml:33:25-66
51
52                <category android:name="android.intent.category.LAUNCHER" />
52-->src/main/AndroidManifest.xml:34:17-77
52-->src/main/AndroidManifest.xml:34:27-74
53            </intent-filter>
54        </activity>
55
56        <provider
56-->[androidx.emoji2:emoji2:1.2.0] AndroidManifest.xml:24:9-32:20
57            android:name="androidx.startup.InitializationProvider"
57-->[androidx.emoji2:emoji2:1.2.0] AndroidManifest.xml:25:13-67
58            android:authorities="com.papyon.kurye.androidx-startup"
58-->[androidx.emoji2:emoji2:1.2.0] AndroidManifest.xml:26:13-68
59            android:exported="false" >
59-->[androidx.emoji2:emoji2:1.2.0] AndroidManifest.xml:27:13-37
60            <meta-data
60-->[androidx.emoji2:emoji2:1.2.0] AndroidManifest.xml:29:13-31:52
61                android:name="androidx.emoji2.text.EmojiCompatInitializer"
61-->[androidx.emoji2:emoji2:1.2.0] AndroidManifest.xml:30:17-75
62                android:value="androidx.startup" />
62-->[androidx.emoji2:emoji2:1.2.0] AndroidManifest.xml:31:17-49
63            <meta-data
63-->[androidx.lifecycle:lifecycle-process:2.4.1] AndroidManifest.xml:31:13-33:52
64                android:name="androidx.lifecycle.ProcessLifecycleInitializer"
64-->[androidx.lifecycle:lifecycle-process:2.4.1] AndroidManifest.xml:32:17-78
65                android:value="androidx.startup" />
65-->[androidx.lifecycle:lifecycle-process:2.4.1] AndroidManifest.xml:33:17-49
66        </provider>
67    </application>
68
69</manifest>